<?xml version="1.0" ?>
<coverage version="7.13.4" timestamp="1773167203217" lines-valid="1870" lines-covered="1834" line-rate="0.9807" branches-valid="824" branches-covered="757" branch-rate="0.9187" complexity="0">
	<!-- Generated by coverage.py: https://coverage.readthedocs.io/en/7.13.4 -->
	<!-- Based on https://raw.githubusercontent.com/cobertura/web/master/htdocs/xml/coverage-04.dtd -->
	<sources>
		<source>/home/diego/repos@uibcdf/smonitor/smonitor</source>
	</sources>
	<packages>
		<package name="." line-rate="0.973" branch-rate="0.9583" complexity="0">
			<classes>
				<class name="__init__.py" filename="__init__.py" complexity="0" line-rate="0.9315" branch-rate="1">
					<methods/>
					<lines>
						<line number="1" hits="1"/>
						<line number="3" hits="1"/>
						<line number="5" hits="1"/>
						<line number="6" hits="1"/>
						<line number="7" hits="0"/>
						<line number="9" hits="0"/>
						<line number="10" hits="0"/>
						<line number="11" hits="0"/>
						<line number="12" hits="0"/>
						<line number="14" hits="1"/>
						<line number="15" hits="1"/>
						<line number="17" hits="1"/>
						<line number="18" hits="1"/>
						<line number="24" hits="1"/>
						<line number="33" hits="1"/>
						<line number="34" hits="1"/>
						<line number="35" hits="1"/>
						<line number="37" hits="1"/>
						<line number="52" hits="1"/>
						<line number="53" hits="1"/>
						<line number="54" hits="1"/>
						<line number="55" hits="1"/>
						<line number="56" hits="1"/>
						<line number="57" hits="1"/>
						<line number="58" hits="1"/>
						<line number="59" hits="1"/>
						<line number="60" hits="1"/>
						<line number="61" hits="1"/>
						<line number="62" hits="1"/>
						<line number="63" hits="1"/>
						<line number="64" hits="1" branch="true" condition-coverage="100% (2/2)"/>
						<line number="65" hits="1"/>
						<line number="66" hits="1" branch="true" condition-coverage="100% (2/2)"/>
						<line number="67" hits="1"/>
						<line number="68" hits="1"/>
						<line number="69" hits="1" branch="true" condition-coverage="100% (2/2)"/>
						<line number="70" hits="1"/>
						<line number="71" hits="1"/>
						<line number="72" hits="1" branch="true" condition-coverage="100% (2/2)"/>
						<line number="73" hits="1"/>
						<line number="74" hits="1" branch="true" condition-coverage="100% (2/2)"/>
						<line number="75" hits="1"/>
						<line number="76" hits="1" branch="true" condition-coverage="100% (2/2)"/>
						<line number="77" hits="1"/>
						<line number="79" hits="1"/>
						<line number="80" hits="1" branch="true" condition-coverage="100% (2/2)"/>
						<line number="81" hits="1"/>
						<line number="83" hits="1"/>
						<line number="85" hits="1" branch="true" condition-coverage="100% (2/2)"/>
						<line number="86" hits="1"/>
						<line number="88" hits="1"/>
						<line number="89" hits="1" branch="true" condition-coverage="100% (2/2)"/>
						<line number="90" hits="1"/>
						<line number="92" hits="1"/>
						<line number="93" hits="1" branch="true" condition-coverage="100% (2/2)"/>
						<line number="95" hits="1" branch="true" condition-coverage="100% (2/2)"/>
						<line number="96" hits="1"/>
						<line number="97" hits="1" branch="true" condition-coverage="100% (2/2)"/>
						<line number="98" hits="1"/>
						<line number="100" hits="1"/>
						<line number="101" hits="1"/>
						<line number="102" hits="1"/>
						<line number="105" hits="1"/>
						<line number="106" hits="1"/>
						<line number="107" hits="1" branch="true" condition-coverage="100% (2/2)"/>
						<line number="108" hits="1"/>
						<line number="109" hits="1"/>
						<line number="112" hits="1"/>
						<line number="113" hits="1"/>
						<line number="114" hits="1"/>
						<line number="117" hits="1"/>
						<line number="118" hits="1"/>
						<line number="119" hits="1"/>
					</lines>
				</class>
				<class name="_version.py" filename="_version.py" complexity="0" line-rate="1" branch-rate="1">
					<methods/>
					<lines>
						<line number="1" hits="1"/>
					</lines>
				</class>
				<class name="bundle.py" filename="bundle.py" complexity="0" line-rate="0.9754" branch-rate="0.9048">
					<methods/>
					<lines>
						<line number="1" hits="1"/>
						<line number="3" hits="1"/>
						<line number="4" hits="1"/>
						<line number="5" hits="1"/>
						<line number="6" hits="1"/>
						<line number="7" hits="1"/>
						<line number="8" hits="1"/>
						<line number="9" hits="1"/>
						<line number="11" hits="1"/>
						<line number="12" hits="1"/>
						<line number="13" hits="1"/>
						<line number="16" hits="1"/>
						<line number="17" hits="1" branch="true" condition-coverage="100% (2/2)"/>
						<line number="18" hits="1"/>
						<line number="19" hits="1"/>
						<line number="20" hits="1"/>
						<line number="21" hits="1"/>
						<line number="22" hits="1"/>
						<line number="25" hits="1"/>
						<line number="26" hits="1"/>
						<line number="27" hits="1"/>
						<line number="28" hits="1" branch="true" condition-coverage="100% (2/2)"/>
						<line number="29" hits="1" branch="true" condition-coverage="50% (1/2)" missing-branches="30"/>
						<line number="30" hits="0"/>
						<line number="31" hits="1"/>
						<line number="32" hits="1" branch="true" condition-coverage="100% (2/2)"/>
						<line number="33" hits="1"/>
						<line number="36" hits="1"/>
						<line number="43" hits="1"/>
						<line number="44" hits="1" branch="true" condition-coverage="100% (2/2)"/>
						<line number="45" hits="1"/>
						<line number="46" hits="1" branch="true" condition-coverage="100% (2/2)"/>
						<line number="47" hits="1"/>
						<line number="48" hits="1" branch="true" condition-coverage="100% (2/2)"/>
						<line number="49" hits="1"/>
						<line number="50" hits="1"/>
						<line number="53" hits="1"/>
						<line number="54" hits="1"/>
						<line number="57" hits="1"/>
						<line number="58" hits="1"/>
						<line number="59" hits="1"/>
						<line number="60" hits="1" branch="true" condition-coverage="100% (2/2)"/>
						<line number="61" hits="1"/>
						<line number="62" hits="1"/>
						<line number="63" hits="1"/>
						<line number="64" hits="1"/>
						<line number="67" hits="1"/>
						<line number="68" hits="1"/>
						<line number="69" hits="1"/>
						<line number="71" hits="1"/>
						<line number="72" hits="1"/>
						<line number="74" hits="1"/>
						<line number="75" hits="1"/>
						<line number="76" hits="1"/>
						<line number="77" hits="1"/>
						<line number="79" hits="1"/>
						<line number="80" hits="1"/>
						<line number="82" hits="1"/>
						<line number="99" hits="1"/>
						<line number="100" hits="1"/>
						<line number="113" hits="1"/>
						<line number="114" hits="1" branch="true" condition-coverage="100% (2/2)"/>
						<line number="115" hits="1" branch="true" condition-coverage="50% (1/2)" missing-branches="116"/>
						<line number="116" hits="0"/>
						<line number="117" hits="1"/>
						<line number="118" hits="1"/>
						<line number="121" hits="1" branch="true" condition-coverage="50% (1/2)" missing-branches="122"/>
						<line number="122" hits="0"/>
						<line number="123" hits="1"/>
						<line number="133" hits="1"/>
						<line number="136" hits="1"/>
						<line number="146" hits="1"/>
						<line number="147" hits="1"/>
						<line number="148" hits="1"/>
						<line number="149" hits="1"/>
						<line number="150" hits="1"/>
						<line number="151" hits="1"/>
						<line number="152" hits="1"/>
						<line number="153" hits="1"/>
						<line number="154" hits="1" branch="true" condition-coverage="100% (2/2)"/>
						<line number="155" hits="1"/>
						<line number="156" hits="1" branch="true" condition-coverage="100% (2/2)"/>
						<line number="157" hits="1"/>
						<line number="158" hits="1"/>
						<line number="159" hits="1"/>
						<line number="160" hits="1"/>
						<line number="161" hits="1"/>
						<line number="162" hits="1" branch="true" condition-coverage="100% (2/2)"/>
						<line number="163" hits="1"/>
						<line number="164" hits="1"/>
						<line number="165" hits="1" branch="true" condition-coverage="100% (2/2)"/>
						<line number="166" hits="1"/>
						<line number="175" hits="1"/>
						<line number="224" hits="1" branch="true" condition-coverage="100% (2/2)"/>
						<line number="225" hits="1"/>
						<line number="226" hits="1"/>
						<line number="229" hits="1"/>
						<line number="242" hits="1"/>
						<line number="243" hits="1" branch="true" condition-coverage="100% (2/2)"/>
						<line number="244" hits="1" branch="true" condition-coverage="100% (2/2)"/>
						<line number="245" hits="1"/>
						<line number="246" hits="1"/>
						<line number="255" hits="1"/>
						<line number="256" hits="1"/>
						<line number="257" hits="1"/>
						<line number="259" hits="1" branch="true" condition-coverage="100% (2/2)"/>
						<line number="260" hits="1"/>
						<line number="261" hits="1"/>
						<line number="262" hits="1"/>
						<line number="271" hits="1"/>
						<line number="272" hits="1"/>
						<line number="273" hits="1" branch="true" condition-coverage="50% (1/2)" missing-branches="288"/>
						<line number="274" hits="1"/>
						<line number="283" hits="1"/>
						<line number="284" hits="1"/>
						<line number="285" hits="1"/>
						<line number="286" hits="1" branch="true" condition-coverage="100% (2/2)"/>
						<line number="287" hits="1"/>
						<line number="288" hits="1"/>
						<line number="291" hits="1"/>
						<line number="304" hits="1"/>
						<line number="305" hits="1"/>
					</lines>
				</class>
				<class name="catalog.py" filename="catalog.py" complexity="0" line-rate="1" branch-rate="1">
					<methods/>
					<lines>
						<line number="1" hits="1"/>
						<line number="3" hits="1"/>
						<line number="4" hits="1"/>
						<line number="6" hits="1"/>
						<line number="7" hits="1"/>
						<line number="10" hits="1"/>
						<line number="11" hits="1"/>
						<line number="12" hits="1"/>
						<line number="18" hits="1"/>
						<line number="19" hits="1"/>
						<line number="20" hits="1"/>
						<line number="21" hits="1"/>
						<line number="22" hits="1"/>
					</lines>
				</class>
				<class name="cli.py" filename="cli.py" complexity="0" line-rate="0.9894" branch-rate="0.9667">
					<methods/>
					<lines>
						<line number="1" hits="1"/>
						<line number="3" hits="1"/>
						<line number="4" hits="1"/>
						<line number="5" hits="1"/>
						<line number="7" hits="1"/>
						<line number="8" hits="1"/>
						<line number="9" hits="1"/>
						<line number="12" hits="1"/>
						<line number="13" hits="1"/>
						<line number="14" hits="1"/>
						<line number="15" hits="1"/>
						<line number="16" hits="1"/>
						<line number="17" hits="1"/>
						<line number="18" hits="1"/>
						<line number="19" hits="1"/>
						<line number="20" hits="1"/>
						<line number="25" hits="1"/>
						<line number="26" hits="1"/>
						<line number="27" hits="1"/>
						<line number="33" hits="1"/>
						<line number="34" hits="1"/>
						<line number="35" hits="1"/>
						<line number="36" hits="1"/>
						<line number="37" hits="1"/>
						<line number="38" hits="1"/>
						<line number="39" hits="1"/>
						<line number="40" hits="1"/>
						<line number="41" hits="1"/>
						<line number="42" hits="1"/>
						<line number="43" hits="1"/>
						<line number="44" hits="1"/>
						<line number="45" hits="1"/>
						<line number="46" hits="1"/>
						<line number="47" hits="1"/>
						<line number="48" hits="1"/>
						<line number="49" hits="1"/>
						<line number="50" hits="1"/>
						<line number="51" hits="1"/>
						<line number="54" hits="1"/>
						<line number="55" hits="1"/>
						<line number="56" hits="1" branch="true" condition-coverage="100% (2/2)"/>
						<line number="57" hits="1"/>
						<line number="58" hits="1"/>
						<line number="59" hits="1"/>
						<line number="60" hits="1" branch="true" condition-coverage="100% (2/2)"/>
						<line number="61" hits="1"/>
						<line number="62" hits="1" branch="true" condition-coverage="100% (2/2)"/>
						<line number="63" hits="1"/>
						<line number="64" hits="1"/>
						<line number="65" hits="1"/>
						<line number="66" hits="1"/>
						<line number="78" hits="1"/>
						<line number="79" hits="1"/>
						<line number="81" hits="1" branch="true" condition-coverage="100% (2/2)"/>
						<line number="82" hits="1"/>
						<line number="83" hits="1" branch="true" condition-coverage="100% (2/2)"/>
						<line number="84" hits="1"/>
						<line number="86" hits="1"/>
						<line number="87" hits="1"/>
						<line number="89" hits="1"/>
						<line number="90" hits="1" branch="true" condition-coverage="100% (2/2)"/>
						<line number="91" hits="1"/>
						<line number="92" hits="1" branch="true" condition-coverage="100% (2/2)"/>
						<line number="93" hits="1"/>
						<line number="94" hits="1"/>
						<line number="95" hits="1"/>
						<line number="96" hits="1" branch="true" condition-coverage="100% (2/2)"/>
						<line number="97" hits="1"/>
						<line number="98" hits="1" branch="true" condition-coverage="100% (2/2)"/>
						<line number="99" hits="1"/>
						<line number="100" hits="1"/>
						<line number="101" hits="1"/>
						<line number="102" hits="1"/>
						<line number="104" hits="1" branch="true" condition-coverage="100% (2/2)"/>
						<line number="105" hits="1"/>
						<line number="106" hits="1"/>
						<line number="107" hits="1" branch="true" condition-coverage="100% (2/2)"/>
						<line number="108" hits="1"/>
						<line number="109" hits="1" branch="true" condition-coverage="100% (2/2)"/>
						<line number="110" hits="1"/>
						<line number="111" hits="1"/>
						<line number="112" hits="1"/>
						<line number="113" hits="1" branch="true" condition-coverage="100% (2/2)"/>
						<line number="114" hits="1"/>
						<line number="115" hits="1"/>
						<line number="125" hits="1"/>
						<line number="131" hits="1"/>
						<line number="132" hits="1"/>
						<line number="134" hits="1"/>
						<line number="135" hits="1" branch="true" condition-coverage="100% (2/2)"/>
						<line number="136" hits="1"/>
						<line number="137" hits="1"/>
						<line number="140" hits="1" branch="true" condition-coverage="50% (1/2)" missing-branches="141"/>
						<line number="141" hits="0"/>
					</lines>
				</class>
				<class name="docs_utils.py" filename="docs_utils.py" complexity="0" line-rate="1" branch-rate="1">
					<methods/>
					<lines>
						<line number="1" hits="1"/>
						<line number="3" hits="1"/>
						<line number="6" hits="1"/>
						<line number="7" hits="1"/>
						<line number="8" hits="1" branch="true" condition-coverage="100% (2/2)"/>
						<line number="9" hits="1"/>
						<line number="10" hits="1"/>
						<line number="11" hits="1"/>
						<line number="12" hits="1"/>
						<line number="15" hits="1"/>
						<line number="16" hits="1"/>
						<line number="17" hits="1" branch="true" condition-coverage="100% (2/2)"/>
						<line number="18" hits="1"/>
						<line number="19" hits="1"/>
						<line number="20" hits="1"/>
						<line number="21" hits="1"/>
						<line number="22" hits="1"/>
					</lines>
				</class>
				<class name="profiling.py" filename="profiling.py" complexity="0" line-rate="1" branch-rate="0.9286">
					<methods/>
					<lines>
						<line number="1" hits="1"/>
						<line number="3" hits="1"/>
						<line number="4" hits="1"/>
						<line number="5" hits="1"/>
						<line number="7" hits="1"/>
						<line number="10" hits="1"/>
						<line number="11" hits="1"/>
						<line number="12" hits="1"/>
						<line number="13" hits="1" branch="true" condition-coverage="100% (2/2)"/>
						<line number="14" hits="1"/>
						<line number="15" hits="1"/>
						<line number="16" hits="1" branch="true" condition-coverage="100% (2/2)"/>
						<line number="17" hits="1"/>
						<line number="18" hits="1" branch="true" condition-coverage="50% (1/2)" missing-branches="21"/>
						<line number="19" hits="1"/>
						<line number="20" hits="1"/>
						<line number="21" hits="1"/>
						<line number="22" hits="1"/>
						<line number="23" hits="1"/>
						<line number="25" hits="1"/>
						<line number="26" hits="1"/>
						<line number="29" hits="1"/>
						<line number="30" hits="1"/>
						<line number="31" hits="1"/>
						<line number="33" hits="1"/>
						<line number="34" hits="1"/>
						<line number="35" hits="1" branch="true" condition-coverage="100% (2/2)"/>
						<line number="36" hits="1"/>
						<line number="37" hits="1"/>
						<line number="38" hits="1"/>
						<line number="39" hits="1" branch="true" condition-coverage="100% (2/2)"/>
						<line number="40" hits="1" branch="true" condition-coverage="100% (2/2)"/>
						<line number="41" hits="1"/>
						<line number="42" hits="1"/>
						<line number="43" hits="1"/>
						<line number="44" hits="1"/>
						<line number="45" hits="1"/>
						<line number="46" hits="1" branch="true" condition-coverage="100% (2/2)"/>
						<line number="47" hits="1"/>
						<line number="48" hits="1"/>
						<line number="49" hits="1"/>
					</lines>
				</class>
				<class name="validation.py" filename="validation.py" complexity="0" line-rate="0.9574" branch-rate="1">
					<methods/>
					<lines>
						<line number="1" hits="1"/>
						<line number="3" hits="1"/>
						<line number="4" hits="1"/>
						<line number="6" hits="1"/>
						<line number="9" hits="1"/>
						<line number="10" hits="1"/>
						<line number="11" hits="1" branch="true" condition-coverage="100% (2/2)"/>
						<line number="12" hits="1" branch="true" condition-coverage="100% (2/2)"/>
						<line number="13" hits="1"/>
						<line number="15" hits="1"/>
						<line number="16" hits="1" branch="true" condition-coverage="100% (2/2)"/>
						<line number="17" hits="1"/>
						<line number="19" hits="1"/>
						<line number="20" hits="1" branch="true" condition-coverage="100% (2/2)"/>
						<line number="21" hits="1" branch="true" condition-coverage="100% (2/2)"/>
						<line number="22" hits="1"/>
						<line number="24" hits="1"/>
						<line number="25" hits="1"/>
						<line number="26" hits="0"/>
						<line number="27" hits="0"/>
						<line number="29" hits="1"/>
						<line number="30" hits="1" branch="true" condition-coverage="100% (2/2)"/>
						<line number="31" hits="1" branch="true" condition-coverage="100% (2/2)"/>
						<line number="32" hits="1"/>
						<line number="34" hits="1"/>
						<line number="35" hits="1" branch="true" condition-coverage="100% (2/2)"/>
						<line number="36" hits="1"/>
						<line number="38" hits="1"/>
						<line number="39" hits="1" branch="true" condition-coverage="100% (2/2)"/>
						<line number="40" hits="1"/>
						<line number="42" hits="1"/>
						<line number="43" hits="1" branch="true" condition-coverage="100% (2/2)"/>
						<line number="44" hits="1"/>
						<line number="46" hits="1"/>
						<line number="47" hits="1" branch="true" condition-coverage="100% (2/2)"/>
						<line number="48" hits="1"/>
						<line number="50" hits="1"/>
						<line number="51" hits="1" branch="true" condition-coverage="100% (2/2)"/>
						<line number="52" hits="1"/>
						<line number="54" hits="1" branch="true" condition-coverage="100% (2/2)"/>
						<line number="55" hits="1"/>
						<line number="57" hits="1"/>
						<line number="60" hits="1"/>
						<line number="61" hits="1"/>
						<line number="62" hits="1" branch="true" condition-coverage="100% (2/2)"/>
						<line number="63" hits="1"/>
						<line number="64" hits="1"/>
					</lines>
				</class>
			</classes>
		</package>
		<package name="config" line-rate="0.9468" branch-rate="0.9417" complexity="0">
			<classes>
				<class name="__init__.py" filename="config/__init__.py" complexity="0" line-rate="0.9387" branch-rate="0.9352">
					<methods/>
					<lines>
						<line number="1" hits="1"/>
						<line number="3" hits="1"/>
						<line number="4" hits="1"/>
						<line number="5" hits="1"/>
						<line number="7" hits="1"/>
						<line number="10" hits="1"/>
						<line number="11" hits="1"/>
						<line number="12" hits="1"/>
						<line number="15" hits="1"/>
						<line number="19" hits="1" branch="true" condition-coverage="100% (2/2)"/>
						<line number="20" hits="1"/>
						<line number="22" hits="1"/>
						<line number="23" hits="1"/>
						<line number="24" hits="1"/>
						<line number="26" hits="1"/>
						<line number="27" hits="1" branch="true" condition-coverage="100% (2/2)"/>
						<line number="28" hits="1"/>
						<line number="29" hits="1"/>
						<line number="32" hits="1"/>
						<line number="33" hits="1"/>
						<line number="36" hits="1"/>
						<line number="37" hits="1"/>
						<line number="38" hits="1"/>
						<line number="39" hits="1" branch="true" condition-coverage="100% (2/2)"/>
						<line number="40" hits="1"/>
						<line number="41" hits="1"/>
						<line number="43" hits="1"/>
						<line number="44" hits="1"/>
						<line number="45" hits="1" branch="true" condition-coverage="100% (2/2)"/>
						<line number="46" hits="1"/>
						<line number="47" hits="1"/>
						<line number="48" hits="1"/>
						<line number="49" hits="0"/>
						<line number="50" hits="0"/>
						<line number="52" hits="1"/>
						<line number="53" hits="1"/>
						<line number="54" hits="1" branch="true" condition-coverage="100% (2/2)"/>
						<line number="55" hits="1"/>
						<line number="56" hits="1"/>
						<line number="57" hits="1"/>
						<line number="58" hits="1"/>
						<line number="59" hits="1"/>
						<line number="61" hits="1"/>
						<line number="62" hits="1"/>
						<line number="63" hits="1" branch="true" condition-coverage="100% (2/2)"/>
						<line number="64" hits="1"/>
						<line number="66" hits="1" branch="true" condition-coverage="50% (1/2)" missing-branches="68"/>
						<line number="67" hits="1"/>
						<line number="68" hits="0"/>
						<line number="70" hits="1"/>
						<line number="94" hits="1"/>
						<line number="95" hits="1" branch="true" condition-coverage="100% (2/2)"/>
						<line number="96" hits="1"/>
						<line number="97" hits="1"/>
						<line number="103" hits="1"/>
						<line number="104" hits="1" branch="true" condition-coverage="100% (2/2)"/>
						<line number="105" hits="1"/>
						<line number="106" hits="1"/>
						<line number="109" hits="1"/>
						<line number="110" hits="1" branch="true" condition-coverage="100% (2/2)"/>
						<line number="111" hits="1"/>
						<line number="112" hits="1"/>
						<line number="115" hits="1"/>
						<line number="116" hits="1" branch="true" condition-coverage="50% (1/2)" missing-branches="117"/>
						<line number="117" hits="0"/>
						<line number="118" hits="1"/>
						<line number="119" hits="1"/>
						<line number="120" hits="1"/>
						<line number="145" hits="1" branch="true" condition-coverage="100% (2/2)"/>
						<line number="146" hits="1" branch="true" condition-coverage="100% (2/2)"/>
						<line number="147" hits="1"/>
						<line number="149" hits="1" branch="true" condition-coverage="100% (2/2)"/>
						<line number="150" hits="1"/>
						<line number="151" hits="1" branch="true" condition-coverage="100% (2/2)"/>
						<line number="152" hits="1"/>
						<line number="153" hits="1" branch="true" condition-coverage="100% (2/2)"/>
						<line number="154" hits="1"/>
						<line number="155" hits="1" branch="true" condition-coverage="100% (2/2)"/>
						<line number="156" hits="1"/>
						<line number="157" hits="1" branch="true" condition-coverage="100% (2/2)"/>
						<line number="158" hits="1"/>
						<line number="159" hits="1" branch="true" condition-coverage="100% (2/2)"/>
						<line number="160" hits="1"/>
						<line number="162" hits="1"/>
						<line number="163" hits="1" branch="true" condition-coverage="100% (2/2)"/>
						<line number="164" hits="1" branch="true" condition-coverage="100% (2/2)"/>
						<line number="165" hits="1"/>
						<line number="166" hits="1"/>
						<line number="178" hits="1"/>
						<line number="184" hits="1"/>
						<line number="185" hits="1"/>
						<line number="186" hits="1" branch="true" condition-coverage="100% (2/2)"/>
						<line number="187" hits="1" branch="true" condition-coverage="50% (1/2)" missing-branches="188"/>
						<line number="188" hits="0"/>
						<line number="189" hits="1" branch="true" condition-coverage="100% (2/2)"/>
						<line number="190" hits="1" branch="true" condition-coverage="100% (2/2)"/>
						<line number="191" hits="1"/>
						<line number="192" hits="1" branch="true" condition-coverage="100% (2/2)"/>
						<line number="193" hits="1" branch="true" condition-coverage="50% (1/2)" missing-branches="194"/>
						<line number="194" hits="0"/>
						<line number="195" hits="1" branch="true" condition-coverage="100% (2/2)"/>
						<line number="196" hits="1" branch="true" condition-coverage="100% (2/2)"/>
						<line number="197" hits="1"/>
						<line number="198" hits="1" branch="true" condition-coverage="100% (2/2)"/>
						<line number="199" hits="1"/>
						<line number="201" hits="1"/>
						<line number="202" hits="1" branch="true" condition-coverage="100% (2/2)"/>
						<line number="203" hits="1"/>
						<line number="205" hits="1"/>
						<line number="206" hits="1" branch="true" condition-coverage="100% (2/2)"/>
						<line number="207" hits="1" branch="true" condition-coverage="100% (2/2)"/>
						<line number="208" hits="1" branch="true" condition-coverage="100% (2/2)"/>
						<line number="209" hits="1"/>
						<line number="210" hits="1"/>
						<line number="211" hits="1"/>
						<line number="212" hits="1"/>
						<line number="215" hits="1"/>
						<line number="219" hits="1"/>
						<line number="221" hits="1" branch="true" condition-coverage="100% (2/2)"/>
						<line number="222" hits="1" branch="true" condition-coverage="100% (2/2)"/>
						<line number="223" hits="1"/>
						<line number="225" hits="1" branch="true" condition-coverage="100% (2/2)"/>
						<line number="226" hits="1" branch="true" condition-coverage="100% (2/2)"/>
						<line number="227" hits="1"/>
						<line number="228" hits="1"/>
						<line number="229" hits="1" branch="true" condition-coverage="50% (1/2)" missing-branches="230"/>
						<line number="230" hits="0"/>
						<line number="231" hits="0"/>
						<line number="232" hits="1"/>
						<line number="233" hits="1" branch="true" condition-coverage="100% (2/2)"/>
						<line number="234" hits="1"/>
						<line number="235" hits="1"/>
						<line number="242" hits="1" branch="true" condition-coverage="100% (2/2)"/>
						<line number="243" hits="1"/>
						<line number="244" hits="1" branch="true" condition-coverage="100% (2/2)"/>
						<line number="245" hits="1" branch="true" condition-coverage="100% (2/2)"/>
						<line number="246" hits="1"/>
						<line number="248" hits="1" branch="true" condition-coverage="100% (2/2)"/>
						<line number="249" hits="1" branch="true" condition-coverage="100% (2/2)"/>
						<line number="250" hits="1"/>
						<line number="252" hits="1" branch="true" condition-coverage="100% (2/2)"/>
						<line number="253" hits="1" branch="true" condition-coverage="100% (2/2)"/>
						<line number="254" hits="1"/>
						<line number="255" hits="1"/>
						<line number="256" hits="1" branch="true" condition-coverage="50% (1/2)" missing-branches="257"/>
						<line number="257" hits="0"/>
						<line number="258" hits="0"/>
						<line number="259" hits="1" branch="true" condition-coverage="100% (2/2)"/>
						<line number="260" hits="1"/>
						<line number="261" hits="1" branch="true" condition-coverage="100% (2/2)"/>
						<line number="264" hits="1"/>
						<line number="265" hits="1" branch="true" condition-coverage="100% (2/2)"/>
						<line number="266" hits="1" branch="true" condition-coverage="100% (2/2)"/>
						<line number="267" hits="1"/>
						<line number="268" hits="1" branch="true" condition-coverage="50% (1/2)" missing-branches="265"/>
						<line number="271" hits="1"/>
						<line number="273" hits="1"/>
						<line number="276" hits="1"/>
						<line number="277" hits="1" branch="true" condition-coverage="100% (2/2)"/>
						<line number="278" hits="1"/>
						<line number="279" hits="1"/>
						<line number="280" hits="1"/>
						<line number="281" hits="1"/>
					</lines>
				</class>
				<class name="discovery.py" filename="config/discovery.py" complexity="0" line-rate="1" branch-rate="1">
					<methods/>
					<lines>
						<line number="1" hits="1"/>
						<line number="3" hits="1"/>
						<line number="4" hits="1"/>
						<line number="5" hits="1"/>
						<line number="8" hits="1"/>
						<line number="9" hits="1" branch="true" condition-coverage="100% (2/2)"/>
						<line number="10" hits="1"/>
						<line number="11" hits="1"/>
						<line number="12" hits="1" branch="true" condition-coverage="100% (2/2)"/>
						<line number="13" hits="1"/>
						<line number="14" hits="1"/>
						<line number="15" hits="1"/>
						<line number="16" hits="1"/>
						<line number="18" hits="1" branch="true" condition-coverage="100% (2/2)"/>
						<line number="19" hits="1" branch="true" condition-coverage="100% (2/2)"/>
						<line number="20" hits="1"/>
						<line number="21" hits="1"/>
						<line number="24" hits="1"/>
						<line number="25" hits="1"/>
						<line number="26" hits="1" branch="true" condition-coverage="100% (2/2)"/>
						<line number="27" hits="1"/>
						<line number="28" hits="1"/>
						<line number="29" hits="1" branch="true" condition-coverage="100% (2/2)"/>
						<line number="30" hits="1"/>
						<line number="31" hits="1"/>
					</lines>
				</class>
			</classes>
		</package>
		<package name="core" line-rate="0.9876" branch-rate="0.9603" complexity="0">
			<classes>
				<class name="__init__.py" filename="core/__init__.py" complexity="0" line-rate="1" branch-rate="1">
					<methods/>
					<lines/>
				</class>
				<class name="context.py" filename="core/context.py" complexity="0" line-rate="0.9706" branch-rate="0.6667">
					<methods/>
					<lines>
						<line number="1" hits="1"/>
						<line number="3" hits="1"/>
						<line number="4" hits="1"/>
						<line number="5" hits="1"/>
						<line number="6" hits="1"/>
						<line number="9" hits="1"/>
						<line number="10" hits="1"/>
						<line number="11" hits="1"/>
						<line number="12" hits="1"/>
						<line number="13" hits="1"/>
						<line number="14" hits="1"/>
						<line number="15" hits="1"/>
						<line number="16" hits="1"/>
						<line number="17" hits="1"/>
						<line number="20" hits="1"/>
						<line number="23" hits="1"/>
						<line number="24" hits="1"/>
						<line number="25" hits="1"/>
						<line number="26" hits="1"/>
						<line number="29" hits="1"/>
						<line number="30" hits="1"/>
						<line number="31" hits="1" branch="true" condition-coverage="50% (1/2)" missing-branches="32"/>
						<line number="32" hits="0"/>
						<line number="33" hits="1"/>
						<line number="34" hits="1"/>
						<line number="35" hits="1"/>
						<line number="38" hits="1"/>
						<line number="39" hits="1"/>
						<line number="40" hits="1" branch="true" condition-coverage="100% (2/2)"/>
						<line number="41" hits="1"/>
						<line number="42" hits="1" branch="true" condition-coverage="50% (1/2)" missing-branches="44"/>
						<line number="43" hits="1"/>
						<line number="44" hits="1"/>
						<line number="45" hits="1"/>
					</lines>
				</class>
				<class name="decorator.py" filename="core/decorator.py" complexity="0" line-rate="0.9552" branch-rate="0.8571">
					<methods/>
					<lines>
						<line number="1" hits="1"/>
						<line number="3" hits="1"/>
						<line number="4" hits="1"/>
						<line number="5" hits="1"/>
						<line number="6" hits="1"/>
						<line number="8" hits="1"/>
						<line number="9" hits="1"/>
						<line number="11" hits="1"/>
						<line number="14" hits="1"/>
						<line number="15" hits="1"/>
						<line number="16" hits="1" branch="true" condition-coverage="100% (2/2)"/>
						<line number="17" hits="1"/>
						<line number="18" hits="1" branch="true" condition-coverage="100% (2/2)"/>
						<line number="19" hits="1"/>
						<line number="20" hits="1"/>
						<line number="23" hits="1"/>
						<line number="30" hits="1"/>
						<line number="31" hits="1"/>
						<line number="32" hits="1"/>
						<line number="33" hits="1"/>
						<line number="34" hits="1" branch="true" condition-coverage="100% (2/2)"/>
						<line number="35" hits="1"/>
						<line number="36" hits="1"/>
						<line number="37" hits="1"/>
						<line number="41" hits="1"/>
						<line number="42" hits="1" branch="true" condition-coverage="100% (2/2)"/>
						<line number="43" hits="1"/>
						<line number="45" hits="1"/>
						<line number="46" hits="1"/>
						<line number="47" hits="1"/>
						<line number="48" hits="1" branch="true" condition-coverage="100% (2/2)"/>
						<line number="49" hits="1"/>
						<line number="50" hits="1"/>
						<line number="57" hits="1"/>
						<line number="58" hits="1"/>
						<line number="59" hits="1"/>
						<line number="60" hits="1"/>
						<line number="62" hits="1" branch="true" condition-coverage="50% (1/2)" missing-branches="66"/>
						<line number="63" hits="1"/>
						<line number="66" hits="1" branch="true" condition-coverage="100% (2/2)"/>
						<line number="67" hits="1"/>
						<line number="68" hits="1"/>
						<line number="69" hits="1" branch="true" condition-coverage="50% (1/2)" missing-branches="70"/>
						<line number="70" hits="0"/>
						<line number="71" hits="1"/>
						<line number="78" hits="1"/>
						<line number="79" hits="1"/>
						<line number="80" hits="0"/>
						<line number="81" hits="0"/>
						<line number="82" hits="1"/>
						<line number="84" hits="1" branch="true" condition-coverage="100% (2/2)"/>
						<line number="85" hits="1"/>
						<line number="86" hits="1"/>
						<line number="87" hits="1" branch="true" condition-coverage="100% (2/2)"/>
						<line number="88" hits="1"/>
						<line number="94" hits="1" branch="true" condition-coverage="100% (2/2)"/>
						<line number="95" hits="1"/>
						<line number="102" hits="1" branch="true" condition-coverage="50% (1/2)" missing-branches="104"/>
						<line number="103" hits="1"/>
						<line number="104" hits="1" branch="true" condition-coverage="50% (1/2)" missing-branches="106"/>
						<line number="105" hits="1"/>
						<line number="106" hits="1"/>
						<line number="115" hits="1"/>
						<line number="116" hits="1"/>
						<line number="118" hits="1" branch="true" condition-coverage="100% (2/2)"/>
						<line number="119" hits="1"/>
						<line number="120" hits="1"/>
					</lines>
				</class>
				<class name="fingerprint.py" filename="core/fingerprint.py" complexity="0" line-rate="1" branch-rate="1">
					<methods/>
					<lines>
						<line number="1" hits="1"/>
						<line number="3" hits="1"/>
						<line number="4" hits="1"/>
						<line number="5" hits="1"/>
						<line number="7" hits="1"/>
						<line number="23" hits="1"/>
						<line number="24" hits="1"/>
						<line number="25" hits="1"/>
						<line number="26" hits="1" branch="true" condition-coverage="100% (2/2)"/>
						<line number="27" hits="1" branch="true" condition-coverage="100% (2/2)"/>
						<line number="28" hits="1"/>
						<line number="29" hits="1"/>
						<line number="32" hits="1"/>
						<line number="39" hits="1"/>
						<line number="45" hits="1"/>
						<line number="46" hits="1"/>
					</lines>
				</class>
				<class name="human_summary.py" filename="core/human_summary.py" complexity="0" line-rate="1" branch-rate="1">
					<methods/>
					<lines>
						<line number="1" hits="1"/>
						<line number="3" hits="1"/>
						<line number="6" hits="1"/>
						<line number="15" hits="1"/>
						<line number="16" hits="1"/>
					</lines>
				</class>
				<class name="identifiers.py" filename="core/identifiers.py" complexity="0" line-rate="1" branch-rate="1">
					<methods/>
					<lines>
						<line number="1" hits="1"/>
						<line number="3" hits="1"/>
						<line number="6" hits="1"/>
						<line number="9" hits="1"/>
					</lines>
				</class>
				<class name="manager.py" filename="core/manager.py" complexity="0" line-rate="0.9923" branch-rate="0.9773">
					<methods/>
					<lines>
						<line number="1" hits="1"/>
						<line number="3" hits="1"/>
						<line number="4" hits="1"/>
						<line number="5" hits="1"/>
						<line number="6" hits="1"/>
						<line number="7" hits="1"/>
						<line number="8" hits="1"/>
						<line number="10" hits="1"/>
						<line number="11" hits="1"/>
						<line number="12" hits="1"/>
						<line number="13" hits="1"/>
						<line number="14" hits="1"/>
						<line number="15" hits="1"/>
						<line number="17" hits="1"/>
						<line number="26" hits="1"/>
						<line number="27" hits="1"/>
						<line number="30" hits="1"/>
						<line number="31" hits="1"/>
						<line number="32" hits="1"/>
						<line number="35" hits="1"/>
						<line number="36" hits="1"/>
						<line number="37" hits="1"/>
						<line number="38" hits="1"/>
						<line number="39" hits="1"/>
						<line number="40" hits="1"/>
						<line number="41" hits="1"/>
						<line number="42" hits="1"/>
						<line number="43" hits="1"/>
						<line number="44" hits="1"/>
						<line number="45" hits="1"/>
						<line number="46" hits="1"/>
						<line number="47" hits="1"/>
						<line number="48" hits="1"/>
						<line number="49" hits="1"/>
						<line number="50" hits="1"/>
						<line number="51" hits="1"/>
						<line number="52" hits="1"/>
						<line number="53" hits="1"/>
						<line number="54" hits="1"/>
						<line number="55" hits="1"/>
						<line number="56" hits="1"/>
						<line number="57" hits="1"/>
						<line number="58" hits="1"/>
						<line number="59" hits="1"/>
						<line number="60" hits="1"/>
						<line number="63" hits="1"/>
						<line number="64" hits="1"/>
						<line number="65" hits="1"/>
						<line number="66" hits="1"/>
						<line number="67" hits="1"/>
						<line number="68" hits="1"/>
						<line number="69" hits="1"/>
						<line number="70" hits="1"/>
						<line number="75" hits="1"/>
						<line number="76" hits="1"/>
						<line number="77" hits="1"/>
						<line number="78" hits="1"/>
						<line number="79" hits="1"/>
						<line number="80" hits="1"/>
						<line number="81" hits="1"/>
						<line number="82" hits="1"/>
						<line number="83" hits="1"/>
						<line number="84" hits="1"/>
						<line number="85" hits="1"/>
						<line number="86" hits="1"/>
						<line number="87" hits="1"/>
						<line number="89" hits="1"/>
						<line number="91" hits="1"/>
						<line number="92" hits="1"/>
						<line number="114" hits="1" branch="true" condition-coverage="100% (2/2)"/>
						<line number="115" hits="1"/>
						<line number="116" hits="1" branch="true" condition-coverage="100% (2/2)"/>
						<line number="117" hits="1"/>
						<line number="118" hits="1" branch="true" condition-coverage="100% (2/2)"/>
						<line number="119" hits="1"/>
						<line number="120" hits="1" branch="true" condition-coverage="100% (2/2)"/>
						<line number="121" hits="1"/>
						<line number="122" hits="1" branch="true" condition-coverage="100% (2/2)"/>
						<line number="123" hits="1"/>
						<line number="125" hits="1"/>
						<line number="126" hits="1"/>
						<line number="127" hits="1"/>
						<line number="129" hits="1"/>
						<line number="166" hits="1" branch="true" condition-coverage="100% (2/2)"/>
						<line number="167" hits="1"/>
						<line number="168" hits="1"/>
						<line number="169" hits="1"/>
						<line number="170" hits="1" branch="true" condition-coverage="100% (2/2)"/>
						<line number="172" hits="1"/>
						<line number="174" hits="1" branch="true" condition-coverage="100% (2/2)"/>
						<line number="175" hits="1"/>
						<line number="176" hits="1" branch="true" condition-coverage="100% (2/2)"/>
						<line number="177" hits="1"/>
						<line number="178" hits="1" branch="true" condition-coverage="100% (2/2)"/>
						<line number="179" hits="1"/>
						<line number="180" hits="1" branch="true" condition-coverage="100% (2/2)"/>
						<line number="181" hits="1"/>
						<line number="182" hits="1" branch="true" condition-coverage="100% (2/2)"/>
						<line number="183" hits="1"/>
						<line number="184" hits="1" branch="true" condition-coverage="100% (2/2)"/>
						<line number="185" hits="1"/>
						<line number="186" hits="1" branch="true" condition-coverage="100% (2/2)"/>
						<line number="187" hits="1"/>
						<line number="188" hits="1" branch="true" condition-coverage="100% (2/2)"/>
						<line number="189" hits="1"/>
						<line number="190" hits="1" branch="true" condition-coverage="100% (2/2)"/>
						<line number="191" hits="1"/>
						<line number="192" hits="1" branch="true" condition-coverage="100% (2/2)"/>
						<line number="193" hits="1"/>
						<line number="194" hits="1" branch="true" condition-coverage="100% (2/2)"/>
						<line number="195" hits="1"/>
						<line number="196" hits="1" branch="true" condition-coverage="100% (2/2)"/>
						<line number="197" hits="1"/>
						<line number="198" hits="1" branch="true" condition-coverage="100% (2/2)"/>
						<line number="199" hits="1"/>
						<line number="200" hits="1" branch="true" condition-coverage="100% (2/2)"/>
						<line number="201" hits="1"/>
						<line number="202" hits="1" branch="true" condition-coverage="100% (2/2)"/>
						<line number="203" hits="1"/>
						<line number="204" hits="1" branch="true" condition-coverage="100% (2/2)"/>
						<line number="205" hits="1"/>
						<line number="206" hits="1" branch="true" condition-coverage="100% (2/2)"/>
						<line number="207" hits="1"/>
						<line number="208" hits="1" branch="true" condition-coverage="100% (2/2)"/>
						<line number="209" hits="1"/>
						<line number="210" hits="1" branch="true" condition-coverage="100% (2/2)"/>
						<line number="211" hits="1"/>
						<line number="212" hits="1" branch="true" condition-coverage="100% (2/2)"/>
						<line number="213" hits="1"/>
						<line number="214" hits="1" branch="true" condition-coverage="100% (2/2)"/>
						<line number="215" hits="1"/>
						<line number="216" hits="1" branch="true" condition-coverage="100% (2/2)"/>
						<line number="217" hits="1"/>
						<line number="218" hits="1" branch="true" condition-coverage="100% (2/2)"/>
						<line number="219" hits="1"/>
						<line number="220" hits="1" branch="true" condition-coverage="100% (2/2)"/>
						<line number="221" hits="1"/>
						<line number="222" hits="1" branch="true" condition-coverage="100% (2/2)"/>
						<line number="223" hits="1"/>
						<line number="224" hits="1" branch="true" condition-coverage="100% (2/2)"/>
						<line number="225" hits="1"/>
						<line number="226" hits="1" branch="true" condition-coverage="100% (2/2)"/>
						<line number="227" hits="1"/>
						<line number="228" hits="1" branch="true" condition-coverage="100% (2/2)"/>
						<line number="229" hits="1"/>
						<line number="230" hits="1" branch="true" condition-coverage="100% (2/2)"/>
						<line number="231" hits="1"/>
						<line number="233" hits="1" branch="true" condition-coverage="100% (2/2)"/>
						<line number="234" hits="1"/>
						<line number="235" hits="1" branch="true" condition-coverage="100% (2/2)"/>
						<line number="237" hits="1"/>
						<line number="239" hits="1" branch="true" condition-coverage="100% (2/2)"/>
						<line number="240" hits="1"/>
						<line number="241" hits="1" branch="true" condition-coverage="100% (2/2)"/>
						<line number="242" hits="1"/>
						<line number="245" hits="1"/>
						<line number="246" hits="1"/>
						<line number="247" hits="1"/>
						<line number="248" hits="1" branch="true" condition-coverage="100% (2/2)"/>
						<line number="249" hits="1"/>
						<line number="250" hits="1" branch="true" condition-coverage="100% (2/2)"/>
						<line number="251" hits="1"/>
						<line number="253" hits="1"/>
						<line number="255" hits="1"/>
						<line number="256" hits="1" branch="true" condition-coverage="100% (2/2)"/>
						<line number="257" hits="1"/>
						<line number="259" hits="1"/>
						<line number="260" hits="1" branch="true" condition-coverage="100% (2/2)"/>
						<line number="261" hits="1"/>
						<line number="263" hits="1"/>
						<line number="265" hits="1"/>
						<line number="267" hits="1" branch="true" condition-coverage="100% (2/2)"/>
						<line number="268" hits="1"/>
						<line number="269" hits="1"/>
						<line number="270" hits="1"/>
						<line number="271" hits="1"/>
						<line number="272" hits="1"/>
						<line number="273" hits="1"/>
						<line number="275" hits="1"/>
						<line number="276" hits="1"/>
						<line number="278" hits="1"/>
						<line number="279" hits="1"/>
						<line number="281" hits="1"/>
						<line number="282" hits="1" branch="true" condition-coverage="100% (2/2)"/>
						<line number="283" hits="1"/>
						<line number="285" hits="1"/>
						<line number="286" hits="1"/>
						<line number="288" hits="1"/>
						<line number="297" hits="1"/>
						<line number="299" hits="1" branch="true" condition-coverage="100% (2/2)"/>
						<line number="300" hits="1"/>
						<line number="305" hits="1" branch="true" condition-coverage="100% (2/2)"/>
						<line number="306" hits="1"/>
						<line number="307" hits="1" branch="true" condition-coverage="100% (2/2)"/>
						<line number="308" hits="1"/>
						<line number="309" hits="1" branch="true" condition-coverage="100% (2/2)"/>
						<line number="310" hits="1"/>
						<line number="311" hits="1"/>
						<line number="312" hits="1" branch="true" condition-coverage="100% (2/2)"/>
						<line number="313" hits="1"/>
						<line number="315" hits="1"/>
						<line number="323" hits="1"/>
						<line number="324" hits="1"/>
						<line number="326" hits="1"/>
						<line number="330" hits="1"/>
						<line number="331" hits="1" branch="true" condition-coverage="100% (2/2)"/>
						<line number="333" hits="1" branch="true" condition-coverage="100% (2/2)"/>
						<line number="334" hits="1"/>
						<line number="335" hits="1" branch="true" condition-coverage="100% (2/2)"/>
						<line number="336" hits="1"/>
						<line number="337" hits="1" branch="true" condition-coverage="100% (2/2)"/>
						<line number="338" hits="1"/>
						<line number="340" hits="1"/>
						<line number="343" hits="1" branch="true" condition-coverage="100% (2/2)"/>
						<line number="344" hits="1"/>
						<line number="345" hits="1"/>
						<line number="346" hits="1"/>
						<line number="347" hits="1"/>
						<line number="349" hits="1"/>
						<line number="350" hits="1" branch="true" condition-coverage="100% (2/2)"/>
						<line number="351" hits="1" branch="true" condition-coverage="100% (2/2)"/>
						<line number="352" hits="1"/>
						<line number="353" hits="1" branch="true" condition-coverage="100% (2/2)"/>
						<line number="354" hits="1"/>
						<line number="355" hits="1" branch="true" condition-coverage="100% (2/2)"/>
						<line number="356" hits="1"/>
						<line number="358" hits="1"/>
						<line number="360" hits="1" branch="true" condition-coverage="100% (2/2)"/>
						<line number="361" hits="1"/>
						<line number="362" hits="1"/>
						<line number="363" hits="1"/>
						<line number="364" hits="1"/>
						<line number="366" hits="1"/>
						<line number="368" hits="1"/>
						<line number="369" hits="1" branch="true" condition-coverage="100% (2/2)"/>
						<line number="370" hits="1"/>
						<line number="371" hits="1" branch="true" condition-coverage="100% (2/2)"/>
						<line number="372" hits="1"/>
						<line number="373" hits="1" branch="true" condition-coverage="100% (2/2)"/>
						<line number="374" hits="1"/>
						<line number="375" hits="1"/>
						<line number="376" hits="1"/>
						<line number="383" hits="1"/>
						<line number="385" hits="1"/>
						<line number="386" hits="1"/>
						<line number="406" hits="1"/>
						<line number="407" hits="1"/>
						<line number="408" hits="1" branch="true" condition-coverage="100% (2/2)"/>
						<line number="409" hits="1"/>
						<line number="410" hits="1" branch="true" condition-coverage="100% (2/2)"/>
						<line number="411" hits="1"/>
						<line number="412" hits="1"/>
						<line number="414" hits="1"/>
						<line number="415" hits="1"/>
						<line number="426" hits="1"/>
						<line number="427" hits="1"/>
						<line number="428" hits="1" branch="true" condition-coverage="50% (1/2)" missing-branches="429"/>
						<line number="429" hits="0"/>
						<line number="430" hits="1"/>
						<line number="431" hits="1"/>
						<line number="432" hits="1"/>
						<line number="433" hits="1"/>
						<line number="437" hits="1"/>
						<line number="445" hits="1"/>
						<line number="447" hits="1"/>
						<line number="448" hits="1"/>
						<line number="449" hits="1" branch="true" condition-coverage="100% (2/2)"/>
						<line number="450" hits="1"/>
						<line number="451" hits="1" branch="true" condition-coverage="50% (1/2)" missing-branches="449"/>
						<line number="452" hits="1"/>
						<line number="453" hits="1"/>
						<line number="455" hits="1"/>
						<line number="456" hits="1"/>
						<line number="457" hits="1" branch="true" condition-coverage="100% (2/2)"/>
						<line number="458" hits="1"/>
						<line number="459" hits="1"/>
						<line number="460" hits="1" branch="true" condition-coverage="100% (2/2)"/>
						<line number="461" hits="1"/>
						<line number="471" hits="1"/>
						<line number="472" hits="1"/>
						<line number="473" hits="1"/>
						<line number="474" hits="1"/>
						<line number="475" hits="1"/>
						<line number="476" hits="1"/>
						<line number="477" hits="1"/>
						<line number="478" hits="1" branch="true" condition-coverage="100% (2/2)"/>
						<line number="479" hits="1"/>
						<line number="480" hits="1"/>
						<line number="481" hits="1"/>
						<line number="482" hits="1"/>
						<line number="483" hits="1" branch="true" condition-coverage="50% (1/2)" missing-branches="484"/>
						<line number="484" hits="0"/>
						<line number="485" hits="1" branch="true" condition-coverage="100% (2/2)"/>
						<line number="486" hits="1"/>
						<line number="487" hits="1"/>
						<line number="488" hits="1"/>
						<line number="489" hits="1"/>
						<line number="491" hits="1"/>
						<line number="492" hits="1"/>
						<line number="493" hits="1" branch="true" condition-coverage="50% (1/2)" missing-branches="494"/>
						<line number="494" hits="0"/>
						<line number="495" hits="1"/>
						<line number="496" hits="1"/>
						<line number="497" hits="1"/>
						<line number="498" hits="1"/>
						<line number="502" hits="1"/>
						<line number="510" hits="1"/>
						<line number="512" hits="1"/>
						<line number="513" hits="1"/>
						<line number="514" hits="1" branch="true" condition-coverage="100% (2/2)"/>
						<line number="515" hits="1"/>
						<line number="516" hits="1" branch="true" condition-coverage="50% (1/2)" missing-branches="514"/>
						<line number="517" hits="1"/>
						<line number="518" hits="1"/>
						<line number="520" hits="1"/>
						<line number="521" hits="1"/>
						<line number="522" hits="1" branch="true" condition-coverage="100% (2/2)"/>
						<line number="523" hits="1"/>
						<line number="524" hits="1"/>
						<line number="525" hits="1"/>
						<line number="526" hits="1" branch="true" condition-coverage="100% (2/2)"/>
						<line number="527" hits="1"/>
						<line number="545" hits="1"/>
						<line number="546" hits="1" branch="true" condition-coverage="100% (2/2)"/>
						<line number="547" hits="1"/>
						<line number="548" hits="1"/>
						<line number="566" hits="1"/>
						<line number="567" hits="1"/>
						<line number="568" hits="1"/>
						<line number="569" hits="1"/>
						<line number="570" hits="1"/>
						<line number="571" hits="1" branch="true" condition-coverage="100% (2/2)"/>
						<line number="582" hits="1" branch="true" condition-coverage="100% (2/2)"/>
						<line number="583" hits="1"/>
						<line number="584" hits="1"/>
						<line number="585" hits="1"/>
						<line number="587" hits="1"/>
						<line number="600" hits="1"/>
						<line number="601" hits="1"/>
						<line number="606" hits="1" branch="true" condition-coverage="100% (2/2)"/>
						<line number="607" hits="1"/>
						<line number="608" hits="1"/>
						<line number="639" hits="1" branch="true" condition-coverage="100% (2/2)"/>
						<line number="640" hits="1" branch="true" condition-coverage="100% (2/2)"/>
						<line number="641" hits="1" branch="true" condition-coverage="100% (2/2)"/>
						<line number="642" hits="1"/>
						<line number="644" hits="1"/>
						<line number="646" hits="1"/>
						<line number="668" hits="1"/>
						<line number="670" hits="1" branch="true" condition-coverage="100% (2/2)"/>
						<line number="671" hits="1"/>
						<line number="673" hits="1" branch="true" condition-coverage="100% (2/2)"/>
						<line number="674" hits="1"/>
						<line number="675" hits="1"/>
						<line number="685" hits="1" branch="true" condition-coverage="100% (2/2)"/>
						<line number="686" hits="1"/>
						<line number="688" hits="1" branch="true" condition-coverage="100% (2/2)"/>
						<line number="689" hits="1"/>
						<line number="691" hits="1" branch="true" condition-coverage="100% (2/2)"/>
						<line number="692" hits="1"/>
						<line number="695" hits="1" branch="true" condition-coverage="100% (2/2)"/>
						<line number="696" hits="1"/>
						<line number="697" hits="1" branch="true" condition-coverage="100% (2/2)"/>
						<line number="700" hits="1"/>
						<line number="701" hits="1" branch="true" condition-coverage="100% (2/2)"/>
						<line number="702" hits="1"/>
						<line number="703" hits="1"/>
						<line number="704" hits="1" branch="true" condition-coverage="100% (2/2)"/>
						<line number="705" hits="1"/>
						<line number="706" hits="1" branch="true" condition-coverage="100% (2/2)"/>
						<line number="707" hits="1"/>
						<line number="708" hits="1"/>
						<line number="709" hits="1" branch="true" condition-coverage="100% (2/2)"/>
						<line number="710" hits="1"/>
						<line number="711" hits="1" branch="true" condition-coverage="100% (2/2)"/>
						<line number="712" hits="1"/>
						<line number="713" hits="1"/>
						<line number="714" hits="1" branch="true" condition-coverage="100% (2/2)"/>
						<line number="715" hits="1"/>
						<line number="716" hits="1" branch="true" condition-coverage="100% (2/2)"/>
						<line number="717" hits="1"/>
						<line number="718" hits="1"/>
						<line number="721" hits="1" branch="true" condition-coverage="100% (2/2)"/>
						<line number="722" hits="1"/>
						<line number="723" hits="1" branch="true" condition-coverage="100% (2/2)"/>
						<line number="724" hits="1" branch="true" condition-coverage="100% (2/2)"/>
						<line number="725" hits="1"/>
						<line number="726" hits="1"/>
						<line number="728" hits="1" branch="true" condition-coverage="100% (2/2)"/>
						<line number="729" hits="1"/>
						<line number="730" hits="1" branch="true" condition-coverage="100% (2/2)"/>
						<line number="731" hits="1"/>
						<line number="733" hits="1"/>
						<line number="734" hits="1" branch="true" condition-coverage="100% (2/2)"/>
						<line number="735" hits="1"/>
						<line number="736" hits="1"/>
						<line number="737" hits="1"/>
						<line number="739" hits="1"/>
						<line number="740" hits="1"/>
						<line number="741" hits="1"/>
						<line number="742" hits="1"/>
						<line number="743" hits="1" branch="true" condition-coverage="100% (2/2)"/>
						<line number="748" hits="1"/>
						<line number="752" hits="1"/>
						<line number="753" hits="1"/>
						<line number="754" hits="1"/>
						<line number="756" hits="1"/>
						<line number="757" hits="1"/>
						<line number="759" hits="1"/>
						<line number="760" hits="1"/>
						<line number="761" hits="1" branch="true" condition-coverage="100% (2/2)"/>
						<line number="762" hits="1"/>
						<line number="763" hits="1"/>
						<line number="765" hits="1"/>
						<line number="766" hits="1" branch="true" condition-coverage="100% (2/2)"/>
						<line number="767" hits="1"/>
						<line number="769" hits="1"/>
						<line number="770" hits="1" branch="true" condition-coverage="100% (2/2)"/>
						<line number="771" hits="1"/>
						<line number="772" hits="1" branch="true" condition-coverage="100% (2/2)"/>
						<line number="773" hits="1"/>
						<line number="774" hits="1"/>
						<line number="776" hits="1"/>
						<line number="777" hits="1"/>
						<line number="778" hits="1" branch="true" condition-coverage="100% (2/2)"/>
						<line number="779" hits="1" branch="true" condition-coverage="100% (2/2)"/>
						<line number="780" hits="1"/>
						<line number="781" hits="1"/>
						<line number="782" hits="1"/>
						<line number="783" hits="1"/>
						<line number="784" hits="1"/>
						<line number="785" hits="1"/>
						<line number="792" hits="1"/>
						<line number="793" hits="1" branch="true" condition-coverage="100% (2/2)"/>
						<line number="794" hits="1"/>
						<line number="795" hits="1"/>
						<line number="799" hits="1"/>
						<line number="800" hits="1"/>
						<line number="801" hits="1"/>
						<line number="802" hits="1"/>
						<line number="804" hits="1"/>
						<line number="805" hits="1"/>
						<line number="806" hits="1" branch="true" condition-coverage="100% (2/2)"/>
						<line number="807" hits="1" branch="true" condition-coverage="50% (1/2)" missing-branches="808"/>
						<line number="808" hits="0"/>
						<line number="809" hits="1" branch="true" condition-coverage="100% (2/2)"/>
						<line number="810" hits="1"/>
						<line number="812" hits="1" branch="true" condition-coverage="100% (2/2)"/>
						<line number="813" hits="1"/>
						<line number="814" hits="1"/>
						<line number="815" hits="1"/>
						<line number="822" hits="1"/>
						<line number="823" hits="1"/>
						<line number="824" hits="1"/>
						<line number="825" hits="1"/>
						<line number="826" hits="1"/>
						<line number="827" hits="1"/>
						<line number="828" hits="1"/>
						<line number="829" hits="1"/>
						<line number="830" hits="1" branch="true" condition-coverage="100% (2/2)"/>
						<line number="831" hits="1"/>
						<line number="832" hits="1" branch="true" condition-coverage="100% (2/2)"/>
						<line number="833" hits="1"/>
						<line number="834" hits="1"/>
						<line number="835" hits="1" branch="true" condition-coverage="100% (2/2)"/>
						<line number="836" hits="1"/>
						<line number="837" hits="1"/>
						<line number="838" hits="1" branch="true" condition-coverage="100% (2/2)"/>
						<line number="839" hits="1"/>
						<line number="840" hits="1"/>
						<line number="841" hits="1"/>
						<line number="842" hits="1" branch="true" condition-coverage="100% (2/2)"/>
						<line number="843" hits="1"/>
						<line number="844" hits="1"/>
						<line number="845" hits="1"/>
						<line number="846" hits="1"/>
						<line number="847" hits="1" branch="true" condition-coverage="100% (2/2)"/>
						<line number="848" hits="1"/>
						<line number="849" hits="1"/>
						<line number="850" hits="1" branch="true" condition-coverage="100% (2/2)"/>
						<line number="851" hits="1"/>
						<line number="852" hits="1"/>
						<line number="861" hits="1"/>
						<line number="862" hits="1" branch="true" condition-coverage="100% (2/2)"/>
						<line number="863" hits="1" branch="true" condition-coverage="100% (2/2)"/>
						<line number="864" hits="1"/>
						<line number="865" hits="1"/>
						<line number="866" hits="1" branch="true" condition-coverage="100% (2/2)"/>
						<line number="867" hits="1" branch="true" condition-coverage="100% (2/2)"/>
						<line number="868" hits="1"/>
						<line number="869" hits="1"/>
						<line number="870" hits="1"/>
						<line number="871" hits="1"/>
						<line number="872" hits="1"/>
						<line number="873" hits="1"/>
						<line number="874" hits="1"/>
						<line number="881" hits="1"/>
						<line number="888" hits="1"/>
						<line number="893" hits="1"/>
						<line number="899" hits="1"/>
						<line number="901" hits="1"/>
						<line number="902" hits="1"/>
						<line number="903" hits="1" branch="true" condition-coverage="100% (2/2)"/>
						<line number="904" hits="1"/>
						<line number="905" hits="1"/>
						<line number="906" hits="1" branch="true" condition-coverage="100% (2/2)"/>
						<line number="907" hits="1"/>
						<line number="908" hits="1"/>
						<line number="909" hits="1"/>
						<line number="910" hits="1"/>
						<line number="946" hits="1"/>
						<line number="947" hits="1"/>
						<line number="949" hits="1"/>
						<line number="950" hits="1"/>
						<line number="952" hits="1"/>
						<line number="953" hits="1"/>
						<line number="960" hits="1"/>
						<line number="963" hits="1"/>
						<line number="965" hits="1" branch="true" condition-coverage="100% (2/2)"/>
						<line number="966" hits="1"/>
						<line number="967" hits="1"/>
					</lines>
				</class>
			</classes>
		</package>
		<package name="emitters" line-rate="1" branch-rate="0.8636" complexity="0">
			<classes>
				<class name="__init__.py" filename="emitters/__init__.py" complexity="0" line-rate="1" branch-rate="1">
					<methods/>
					<lines/>
				</class>
				<class name="exceptions.py" filename="emitters/exceptions.py" complexity="0" line-rate="1" branch-rate="0.6667">
					<methods/>
					<lines>
						<line number="1" hits="1"/>
						<line number="3" hits="1"/>
						<line number="4" hits="1"/>
						<line number="6" hits="1"/>
						<line number="8" hits="1"/>
						<line number="9" hits="1"/>
						<line number="12" hits="1"/>
						<line number="13" hits="1"/>
						<line number="14" hits="1"/>
						<line number="20" hits="1" branch="true" condition-coverage="50% (1/2)" missing-branches="exit"/>
						<line number="21" hits="1"/>
						<line number="24" hits="1"/>
						<line number="26" hits="1" branch="true" condition-coverage="50% (1/2)" missing-branches="exit"/>
						<line number="27" hits="1"/>
						<line number="28" hits="1"/>
						<line number="29" hits="1"/>
						<line number="32" hits="1"/>
						<line number="34" hits="1" branch="true" condition-coverage="100% (2/2)"/>
						<line number="35" hits="1"/>
						<line number="36" hits="1"/>
						<line number="37" hits="1"/>
					</lines>
				</class>
				<class name="logging.py" filename="emitters/logging.py" complexity="0" line-rate="1" branch-rate="1">
					<methods/>
					<lines>
						<line number="1" hits="1"/>
						<line number="3" hits="1"/>
						<line number="4" hits="1"/>
						<line number="6" hits="1"/>
						<line number="9" hits="1"/>
						<line number="10" hits="1"/>
						<line number="11" hits="1"/>
						<line number="12" hits="1" branch="true" condition-coverage="100% (2/2)"/>
						<line number="13" hits="1"/>
						<line number="14" hits="1"/>
						<line number="15" hits="1"/>
						<line number="16" hits="1"/>
						<line number="17" hits="1"/>
						<line number="18" hits="1"/>
						<line number="26" hits="1"/>
						<line number="27" hits="1"/>
						<line number="30" hits="1"/>
						<line number="32" hits="1"/>
						<line number="33" hits="1" branch="true" condition-coverage="100% (2/2)"/>
						<line number="34" hits="1"/>
						<line number="35" hits="1"/>
						<line number="36" hits="1" branch="true" condition-coverage="100% (2/2)"/>
						<line number="37" hits="1"/>
						<line number="38" hits="1"/>
						<line number="41" hits="1"/>
						<line number="43" hits="1" branch="true" condition-coverage="100% (2/2)"/>
						<line number="44" hits="1"/>
						<line number="45" hits="1"/>
						<line number="46" hits="1" branch="true" condition-coverage="100% (2/2)"/>
						<line number="47" hits="1"/>
						<line number="48" hits="1"/>
					</lines>
				</class>
				<class name="warnings.py" filename="emitters/warnings.py" complexity="0" line-rate="1" branch-rate="0.8333">
					<methods/>
					<lines>
						<line number="1" hits="1"/>
						<line number="3" hits="1"/>
						<line number="4" hits="1"/>
						<line number="6" hits="1"/>
						<line number="8" hits="1"/>
						<line number="9" hits="1"/>
						<line number="12" hits="1"/>
						<line number="13" hits="1"/>
						<line number="14" hits="1"/>
						<line number="15" hits="1" branch="true" condition-coverage="50% (1/2)" missing-branches="17"/>
						<line number="16" hits="1"/>
						<line number="17" hits="1"/>
						<line number="26" hits="1"/>
						<line number="28" hits="1" branch="true" condition-coverage="100% (2/2)"/>
						<line number="29" hits="1"/>
						<line number="30" hits="1"/>
						<line number="31" hits="1"/>
						<line number="34" hits="1"/>
						<line number="36" hits="1" branch="true" condition-coverage="100% (2/2)"/>
						<line number="37" hits="1"/>
						<line number="38" hits="1"/>
						<line number="39" hits="1"/>
					</lines>
				</class>
			</classes>
		</package>
		<package name="handlers" line-rate="0.9829" branch-rate="0.8939" complexity="0">
			<classes>
				<class name="__init__.py" filename="handlers/__init__.py" complexity="0" line-rate="1" branch-rate="1">
					<methods/>
					<lines>
						<line number="1" hits="1"/>
						<line number="2" hits="1"/>
						<line number="3" hits="1"/>
						<line number="4" hits="1"/>
						<line number="6" hits="1"/>
					</lines>
				</class>
				<class name="console.py" filename="handlers/console.py" complexity="0" line-rate="0.9773" branch-rate="0.8913">
					<methods/>
					<lines>
						<line number="1" hits="1"/>
						<line number="3" hits="1"/>
						<line number="6" hits="1"/>
						<line number="7" hits="1" branch="true" condition-coverage="100% (2/2)"/>
						<line number="8" hits="1"/>
						<line number="9" hits="1"/>
						<line number="12" hits="1"/>
						<line number="13" hits="1"/>
						<line number="14" hits="1" branch="true" condition-coverage="100% (2/2)"/>
						<line number="15" hits="1"/>
						<line number="16" hits="1"/>
						<line number="19" hits="1"/>
						<line number="20" hits="1"/>
						<line number="21" hits="1"/>
						<line number="23" hits="1"/>
						<line number="24" hits="1"/>
						<line number="26" hits="1"/>
						<line number="27" hits="1"/>
						<line number="28" hits="1"/>
						<line number="29" hits="1"/>
						<line number="31" hits="1"/>
						<line number="32" hits="1"/>
						<line number="33" hits="1"/>
						<line number="34" hits="1"/>
						<line number="35" hits="1"/>
						<line number="36" hits="1"/>
						<line number="38" hits="1" branch="true" condition-coverage="100% (2/2)"/>
						<line number="39" hits="1"/>
						<line number="40" hits="1"/>
						<line number="41" hits="1"/>
						<line number="42" hits="1"/>
						<line number="43" hits="1"/>
						<line number="44" hits="1"/>
						<line number="45" hits="1" branch="true" condition-coverage="100% (2/2)"/>
						<line number="46" hits="1" branch="true" condition-coverage="100% (2/2)"/>
						<line number="47" hits="1"/>
						<line number="48" hits="1"/>
						<line number="49" hits="1"/>
						<line number="51" hits="1"/>
						<line number="54" hits="1" branch="true" condition-coverage="100% (2/2)"/>
						<line number="55" hits="1"/>
						<line number="56" hits="1" branch="true" condition-coverage="100% (2/2)"/>
						<line number="57" hits="1" branch="true" condition-coverage="100% (2/2)"/>
						<line number="58" hits="1"/>
						<line number="59" hits="1"/>
						<line number="60" hits="1"/>
						<line number="61" hits="1" branch="true" condition-coverage="100% (2/2)"/>
						<line number="62" hits="1"/>
						<line number="64" hits="1"/>
						<line number="65" hits="1" branch="true" condition-coverage="100% (2/2)"/>
						<line number="66" hits="1"/>
						<line number="67" hits="1"/>
						<line number="68" hits="1" branch="true" condition-coverage="100% (2/2)"/>
						<line number="70" hits="1"/>
						<line number="73" hits="1"/>
						<line number="74" hits="1"/>
						<line number="75" hits="1"/>
						<line number="78" hits="1"/>
						<line number="79" hits="1"/>
						<line number="80" hits="1"/>
						<line number="81" hits="1"/>
						<line number="82" hits="1"/>
						<line number="83" hits="1"/>
						<line number="84" hits="1"/>
						<line number="85" hits="0"/>
						<line number="86" hits="0"/>
						<line number="88" hits="1"/>
						<line number="104" hits="1"/>
						<line number="106" hits="1"/>
						<line number="107" hits="1"/>
						<line number="108" hits="1"/>
						<line number="111" hits="1"/>
						<line number="112" hits="1" branch="true" condition-coverage="100% (2/2)"/>
						<line number="113" hits="1"/>
						<line number="114" hits="1"/>
						<line number="115" hits="1"/>
						<line number="116" hits="1"/>
						<line number="117" hits="1"/>
						<line number="118" hits="1"/>
						<line number="120" hits="1" branch="true" condition-coverage="100% (2/2)"/>
						<line number="121" hits="1"/>
						<line number="122" hits="1" branch="true" condition-coverage="100% (2/2)"/>
						<line number="123" hits="1"/>
						<line number="126" hits="1"/>
						<line number="127" hits="1"/>
						<line number="129" hits="1"/>
						<line number="130" hits="1"/>
						<line number="131" hits="1"/>
						<line number="132" hits="1"/>
						<line number="135" hits="1"/>
						<line number="136" hits="1"/>
						<line number="139" hits="1"/>
						<line number="145" hits="1"/>
						<line number="146" hits="1"/>
						<line number="148" hits="1" branch="true" condition-coverage="100% (2/2)"/>
						<line number="149" hits="1"/>
						<line number="150" hits="1"/>
						<line number="151" hits="1"/>
						<line number="152" hits="1"/>
						<line number="155" hits="1"/>
						<line number="156" hits="1" branch="true" condition-coverage="100% (2/2)"/>
						<line number="157" hits="1"/>
						<line number="159" hits="1"/>
						<line number="172" hits="1"/>
						<line number="180" hits="1"/>
						<line number="181" hits="1"/>
						<line number="182" hits="1"/>
						<line number="185" hits="1"/>
						<line number="186" hits="1"/>
						<line number="188" hits="1"/>
						<line number="195" hits="1"/>
						<line number="198" hits="1"/>
						<line number="201" hits="1"/>
						<line number="202" hits="1"/>
						<line number="203" hits="1"/>
						<line number="205" hits="1"/>
						<line number="206" hits="1" branch="true" condition-coverage="50% (1/2)" missing-branches="209"/>
						<line number="207" hits="1"/>
						<line number="209" hits="1" branch="true" condition-coverage="50% (1/2)" missing-branches="213"/>
						<line number="210" hits="1"/>
						<line number="211" hits="1"/>
						<line number="213" hits="1" branch="true" condition-coverage="100% (2/2)"/>
						<line number="214" hits="1" branch="true" condition-coverage="100% (2/2)"/>
						<line number="215" hits="1"/>
						<line number="216" hits="1"/>
						<line number="219" hits="1" branch="true" condition-coverage="50% (1/2)" missing-branches="221"/>
						<line number="220" hits="1"/>
						<line number="221" hits="1" branch="true" condition-coverage="50% (1/2)" missing-branches="222"/>
						<line number="222" hits="0"/>
						<line number="224" hits="1" branch="true" condition-coverage="50% (1/2)" missing-branches="228"/>
						<line number="225" hits="1"/>
						<line number="228" hits="1"/>
					</lines>
				</class>
				<class name="file.py" filename="handlers/file.py" complexity="0" line-rate="0.9773" branch-rate="0.9167">
					<methods/>
					<lines>
						<line number="1" hits="1"/>
						<line number="3" hits="1"/>
						<line number="4" hits="1"/>
						<line number="5" hits="1"/>
						<line number="7" hits="1"/>
						<line number="10" hits="1"/>
						<line number="11" hits="1"/>
						<line number="12" hits="1"/>
						<line number="13" hits="1"/>
						<line number="14" hits="1"/>
						<line number="16" hits="1"/>
						<line number="17" hits="1"/>
						<line number="18" hits="1"/>
						<line number="19" hits="1"/>
						<line number="20" hits="1"/>
						<line number="21" hits="1"/>
						<line number="23" hits="1"/>
						<line number="24" hits="1"/>
						<line number="25" hits="1"/>
						<line number="26" hits="1"/>
						<line number="27" hits="1"/>
						<line number="28" hits="1"/>
						<line number="29" hits="1"/>
						<line number="30" hits="1"/>
						<line number="31" hits="1"/>
						<line number="32" hits="1" branch="true" condition-coverage="100% (2/2)"/>
						<line number="33" hits="1"/>
						<line number="34" hits="1" branch="true" condition-coverage="50% (1/2)" missing-branches="35"/>
						<line number="35" hits="0"/>
						<line number="36" hits="1" branch="true" condition-coverage="100% (2/2)"/>
						<line number="37" hits="1"/>
						<line number="38" hits="1"/>
						<line number="39" hits="1"/>
						<line number="40" hits="1"/>
						<line number="41" hits="1"/>
						<line number="42" hits="1" branch="true" condition-coverage="100% (2/2)"/>
						<line number="43" hits="1" branch="true" condition-coverage="100% (2/2)"/>
						<line number="44" hits="1"/>
						<line number="45" hits="1"/>
						<line number="46" hits="1"/>
						<line number="47" hits="1"/>
						<line number="48" hits="1" branch="true" condition-coverage="100% (2/2)"/>
						<line number="49" hits="1"/>
						<line number="50" hits="1"/>
					</lines>
				</class>
				<class name="json.py" filename="handlers/json.py" complexity="0" line-rate="1" branch-rate="1">
					<methods/>
					<lines>
						<line number="1" hits="1"/>
						<line number="3" hits="1"/>
						<line number="4" hits="1"/>
						<line number="5" hits="1"/>
						<line number="7" hits="1"/>
						<line number="8" hits="1"/>
						<line number="10" hits="1"/>
						<line number="39" hits="1"/>
						<line number="40" hits="1"/>
						<line number="41" hits="1"/>
						<line number="60" hits="1"/>
						<line number="68" hits="1" branch="true" condition-coverage="100% (2/2)"/>
						<line number="69" hits="1" branch="true" condition-coverage="100% (2/2)"/>
						<line number="70" hits="1"/>
						<line number="71" hits="1"/>
						<line number="74" hits="1"/>
						<line number="75" hits="1"/>
						<line number="76" hits="1"/>
						<line number="77" hits="1"/>
						<line number="78" hits="1"/>
						<line number="80" hits="1"/>
						<line number="81" hits="1"/>
						<line number="82" hits="1"/>
						<line number="83" hits="1"/>
						<line number="90" hits="1"/>
						<line number="91" hits="1"/>
						<line number="92" hits="1"/>
						<line number="93" hits="1"/>
						<line number="94" hits="1"/>
						<line number="95" hits="1"/>
						<line number="96" hits="1"/>
						<line number="97" hits="1"/>
						<line number="98" hits="1"/>
						<line number="110" hits="1"/>
						<line number="111" hits="1"/>
						<line number="112" hits="1"/>
						<line number="113" hits="1"/>
						<line number="114" hits="1"/>
					</lines>
				</class>
				<class name="memory.py" filename="handlers/memory.py" complexity="0" line-rate="1" branch-rate="0.75">
					<methods/>
					<lines>
						<line number="1" hits="1"/>
						<line number="3" hits="1"/>
						<line number="4" hits="1"/>
						<line number="7" hits="1"/>
						<line number="8" hits="1"/>
						<line number="9" hits="1"/>
						<line number="10" hits="1"/>
						<line number="11" hits="1"/>
						<line number="13" hits="1"/>
						<line number="14" hits="1"/>
						<line number="15" hits="1"/>
						<line number="16" hits="1"/>
						<line number="17" hits="1" branch="true" condition-coverage="50% (1/2)" missing-branches="exit"/>
						<line number="18" hits="1" branch="true" condition-coverage="100% (2/2)"/>
						<line number="19" hits="1"/>
					</lines>
				</class>
			</classes>
		</package>
		<package name="integrations" line-rate="0.9946" branch-rate="0.6667" complexity="0">
			<classes>
				<class name="__init__.py" filename="integrations/__init__.py" complexity="0" line-rate="1" branch-rate="1">
					<methods/>
					<lines>
						<line number="1" hits="1"/>
						<line number="3" hits="1"/>
						<line number="10" hits="1"/>
						<line number="12" hits="1"/>
					</lines>
				</class>
				<class name="argdigest.py" filename="integrations/argdigest.py" complexity="0" line-rate="1" branch-rate="1">
					<methods/>
					<lines>
						<line number="1" hits="1"/>
						<line number="3" hits="1"/>
						<line number="5" hits="1"/>
						<line number="8" hits="1"/>
						<line number="13" hits="1"/>
					</lines>
				</class>
				<class name="core.py" filename="integrations/core.py" complexity="0" line-rate="1" branch-rate="0.569">
					<methods/>
					<lines>
						<line number="1" hits="1"/>
						<line number="3" hits="1"/>
						<line number="4" hits="1"/>
						<line number="6" hits="1"/>
						<line number="8" hits="1"/>
						<line number="11" hits="1"/>
						<line number="12" hits="1"/>
						<line number="13" hits="1" branch="true" condition-coverage="100% (2/2)"/>
						<line number="14" hits="1"/>
						<line number="15" hits="1"/>
						<line number="16" hits="1"/>
						<line number="19" hits="1"/>
						<line number="24" hits="1"/>
						<line number="29" hits="1"/>
						<line number="57" hits="1"/>
						<line number="58" hits="1" branch="true" condition-coverage="50% (1/2)" missing-branches="60"/>
						<line number="59" hits="1"/>
						<line number="60" hits="1" branch="true" condition-coverage="50% (1/2)" missing-branches="62"/>
						<line number="61" hits="1"/>
						<line number="62" hits="1" branch="true" condition-coverage="50% (1/2)" missing-branches="64"/>
						<line number="63" hits="1"/>
						<line number="64" hits="1" branch="true" condition-coverage="50% (1/2)" missing-branches="66"/>
						<line number="65" hits="1"/>
						<line number="66" hits="1" branch="true" condition-coverage="50% (1/2)" missing-branches="68"/>
						<line number="67" hits="1"/>
						<line number="68" hits="1" branch="true" condition-coverage="50% (1/2)" missing-branches="70"/>
						<line number="69" hits="1"/>
						<line number="70" hits="1" branch="true" condition-coverage="50% (1/2)" missing-branches="72"/>
						<line number="71" hits="1"/>
						<line number="72" hits="1" branch="true" condition-coverage="50% (1/2)" missing-branches="74"/>
						<line number="73" hits="1"/>
						<line number="74" hits="1" branch="true" condition-coverage="50% (1/2)" missing-branches="76"/>
						<line number="75" hits="1"/>
						<line number="76" hits="1" branch="true" condition-coverage="50% (1/2)" missing-branches="78"/>
						<line number="77" hits="1"/>
						<line number="78" hits="1" branch="true" condition-coverage="50% (1/2)" missing-branches="80"/>
						<line number="79" hits="1"/>
						<line number="80" hits="1" branch="true" condition-coverage="50% (1/2)" missing-branches="82"/>
						<line number="81" hits="1"/>
						<line number="82" hits="1" branch="true" condition-coverage="50% (1/2)" missing-branches="84"/>
						<line number="83" hits="1"/>
						<line number="84" hits="1" branch="true" condition-coverage="50% (1/2)" missing-branches="86"/>
						<line number="85" hits="1"/>
						<line number="86" hits="1" branch="true" condition-coverage="50% (1/2)" missing-branches="88"/>
						<line number="87" hits="1"/>
						<line number="88" hits="1" branch="true" condition-coverage="50% (1/2)" missing-branches="90"/>
						<line number="89" hits="1"/>
						<line number="90" hits="1" branch="true" condition-coverage="50% (1/2)" missing-branches="92"/>
						<line number="91" hits="1"/>
						<line number="92" hits="1" branch="true" condition-coverage="50% (1/2)" missing-branches="94"/>
						<line number="93" hits="1"/>
						<line number="94" hits="1" branch="true" condition-coverage="50% (1/2)" missing-branches="96"/>
						<line number="95" hits="1"/>
						<line number="96" hits="1" branch="true" condition-coverage="50% (1/2)" missing-branches="98"/>
						<line number="97" hits="1"/>
						<line number="98" hits="1" branch="true" condition-coverage="50% (1/2)" missing-branches="100"/>
						<line number="99" hits="1"/>
						<line number="100" hits="1" branch="true" condition-coverage="50% (1/2)" missing-branches="102"/>
						<line number="101" hits="1"/>
						<line number="102" hits="1" branch="true" condition-coverage="50% (1/2)" missing-branches="104"/>
						<line number="103" hits="1"/>
						<line number="104" hits="1" branch="true" condition-coverage="50% (1/2)" missing-branches="106"/>
						<line number="105" hits="1"/>
						<line number="106" hits="1" branch="true" condition-coverage="50% (1/2)" missing-branches="108"/>
						<line number="107" hits="1"/>
						<line number="108" hits="1"/>
						<line number="111" hits="1"/>
						<line number="112" hits="1"/>
						<line number="113" hits="1" branch="true" condition-coverage="100% (2/2)"/>
						<line number="114" hits="1"/>
						<line number="115" hits="1" branch="true" condition-coverage="100% (2/2)"/>
						<line number="116" hits="1"/>
						<line number="117" hits="1"/>
						<line number="120" hits="1"/>
						<line number="127" hits="1" branch="true" condition-coverage="100% (2/2)"/>
						<line number="128" hits="1"/>
						<line number="129" hits="1"/>
					</lines>
				</class>
				<class name="depdigest.py" filename="integrations/depdigest.py" complexity="0" line-rate="1" branch-rate="1">
					<methods/>
					<lines>
						<line number="1" hits="1"/>
						<line number="3" hits="1"/>
						<line number="5" hits="1"/>
						<line number="8" hits="1"/>
						<line number="13" hits="1"/>
					</lines>
				</class>
				<class name="diagnostic.py" filename="integrations/diagnostic.py" complexity="0" line-rate="0.9886" branch-rate="0.8438">
					<methods/>
					<lines>
						<line number="1" hits="1"/>
						<line number="3" hits="1"/>
						<line number="4" hits="1"/>
						<line number="5" hits="1"/>
						<line number="7" hits="1"/>
						<line number="9" hits="1"/>
						<line number="11" hits="1"/>
						<line number="12" hits="1"/>
						<line number="15" hits="1"/>
						<line number="20" hits="1" branch="true" condition-coverage="100% (2/2)"/>
						<line number="21" hits="1"/>
						<line number="22" hits="1"/>
						<line number="23" hits="1" branch="true" condition-coverage="100% (2/2)"/>
						<line number="24" hits="1"/>
						<line number="25" hits="1" branch="true" condition-coverage="100% (2/2)"/>
						<line number="26" hits="1"/>
						<line number="28" hits="1"/>
						<line number="29" hits="1" branch="true" condition-coverage="100% (2/2)"/>
						<line number="30" hits="1"/>
						<line number="31" hits="1"/>
						<line number="34" hits="1"/>
						<line number="40" hits="1"/>
						<line number="42" hits="1"/>
						<line number="51" hits="1"/>
						<line number="53" hits="1" branch="true" condition-coverage="100% (2/2)"/>
						<line number="54" hits="1"/>
						<line number="55" hits="1" branch="true" condition-coverage="50% (1/2)" missing-branches="58"/>
						<line number="56" hits="1"/>
						<line number="58" hits="1"/>
						<line number="62" hits="1"/>
						<line number="63" hits="1" branch="true" condition-coverage="50% (1/2)" missing-branches="66"/>
						<line number="64" hits="1"/>
						<line number="66" hits="1"/>
						<line number="69" hits="1"/>
						<line number="72" hits="1"/>
						<line number="74" hits="1"/>
						<line number="83" hits="1"/>
						<line number="84" hits="1" branch="true" condition-coverage="50% (1/2)" missing-branches="89"/>
						<line number="85" hits="1"/>
						<line number="86" hits="1" branch="true" condition-coverage="50% (1/2)" missing-branches="89"/>
						<line number="87" hits="1"/>
						<line number="89" hits="1"/>
						<line number="93" hits="1"/>
						<line number="94" hits="1" branch="true" condition-coverage="100% (2/2)"/>
						<line number="95" hits="1"/>
						<line number="97" hits="1"/>
						<line number="98" hits="1"/>
						<line number="101" hits="1"/>
						<line number="104" hits="1"/>
						<line number="110" hits="1"/>
						<line number="111" hits="1"/>
						<line number="112" hits="1"/>
						<line number="113" hits="1"/>
						<line number="115" hits="1"/>
						<line number="123" hits="1" branch="true" condition-coverage="100% (2/2)"/>
						<line number="124" hits="1"/>
						<line number="125" hits="1"/>
						<line number="126" hits="1"/>
						<line number="128" hits="1"/>
						<line number="129" hits="1"/>
						<line number="130" hits="1"/>
						<line number="132" hits="1"/>
						<line number="133" hits="1" branch="true" condition-coverage="100% (2/2)"/>
						<line number="134" hits="1"/>
						<line number="135" hits="1"/>
						<line number="141" hits="1"/>
						<line number="142" hits="1"/>
						<line number="145" hits="1"/>
						<line number="146" hits="1"/>
						<line number="160" hits="1"/>
						<line number="161" hits="1"/>
						<line number="163" hits="1" branch="true" condition-coverage="100% (2/2)"/>
						<line number="164" hits="1"/>
						<line number="166" hits="1"/>
						<line number="168" hits="1"/>
						<line number="176" hits="1" branch="true" condition-coverage="50% (1/2)" missing-branches="177"/>
						<line number="177" hits="0"/>
						<line number="179" hits="1"/>
						<line number="181" hits="1"/>
						<line number="182" hits="1" branch="true" condition-coverage="100% (2/2)"/>
						<line number="183" hits="1"/>
						<line number="184" hits="1"/>
						<line number="185" hits="1"/>
						<line number="187" hits="1"/>
						<line number="195" hits="1"/>
						<line number="198" hits="1" branch="true" condition-coverage="100% (2/2)"/>
						<line number="199" hits="1"/>
						<line number="200" hits="1"/>
					</lines>
				</class>
				<class name="molsysmt.py" filename="integrations/molsysmt.py" complexity="0" line-rate="1" branch-rate="1">
					<methods/>
					<lines>
						<line number="1" hits="1"/>
						<line number="3" hits="1"/>
						<line number="5" hits="1"/>
						<line number="8" hits="1"/>
						<line number="13" hits="1"/>
					</lines>
				</class>
			</classes>
		</package>
		<package name="policy" line-rate="0.9852" branch-rate="0.975" complexity="0">
			<classes>
				<class name="__init__.py" filename="policy/__init__.py" complexity="0" line-rate="1" branch-rate="1">
					<methods/>
					<lines/>
				</class>
				<class name="engine.py" filename="policy/engine.py" complexity="0" line-rate="0.9852" branch-rate="0.975">
					<methods/>
					<lines>
						<line number="1" hits="1"/>
						<line number="3" hits="1"/>
						<line number="4" hits="1"/>
						<line number="5" hits="1"/>
						<line number="6" hits="1"/>
						<line number="9" hits="1"/>
						<line number="10" hits="1"/>
						<line number="11" hits="1"/>
						<line number="12" hits="1"/>
						<line number="15" hits="1"/>
						<line number="18" hits="1"/>
						<line number="19" hits="1"/>
						<line number="20" hits="1"/>
						<line number="21" hits="1"/>
						<line number="23" hits="1"/>
						<line number="24" hits="1"/>
						<line number="26" hits="1"/>
						<line number="27" hits="1"/>
						<line number="29" hits="1"/>
						<line number="30" hits="1"/>
						<line number="32" hits="1"/>
						<line number="33" hits="1"/>
						<line number="35" hits="1"/>
						<line number="41" hits="1" branch="true" condition-coverage="100% (2/2)"/>
						<line number="42" hits="1"/>
						<line number="43" hits="1" branch="true" condition-coverage="100% (2/2)"/>
						<line number="44" hits="1"/>
						<line number="45" hits="1"/>
						<line number="46" hits="1" branch="true" condition-coverage="100% (2/2)"/>
						<line number="47" hits="1" branch="true" condition-coverage="100% (2/2)"/>
						<line number="48" hits="1"/>
						<line number="49" hits="1" branch="true" condition-coverage="100% (2/2)"/>
						<line number="50" hits="1"/>
						<line number="51" hits="1" branch="true" condition-coverage="100% (2/2)"/>
						<line number="52" hits="1"/>
						<line number="53" hits="1"/>
						<line number="54" hits="1" branch="true" condition-coverage="100% (2/2)"/>
						<line number="55" hits="1"/>
						<line number="58" hits="1"/>
						<line number="59" hits="1" branch="true" condition-coverage="100% (2/2)"/>
						<line number="60" hits="1"/>
						<line number="61" hits="1" branch="true" condition-coverage="50% (1/2)" missing-branches="62"/>
						<line number="62" hits="0"/>
						<line number="63" hits="1"/>
						<line number="64" hits="1" branch="true" condition-coverage="100% (2/2)"/>
						<line number="65" hits="1"/>
						<line number="66" hits="1"/>
						<line number="67" hits="1" branch="true" condition-coverage="50% (1/2)" missing-branches="68"/>
						<line number="68" hits="0"/>
						<line number="69" hits="1"/>
						<line number="70" hits="1" branch="true" condition-coverage="100% (2/2)"/>
						<line number="71" hits="1"/>
						<line number="72" hits="1" branch="true" condition-coverage="100% (2/2)"/>
						<line number="73" hits="1"/>
						<line number="74" hits="1"/>
						<line number="75" hits="1"/>
						<line number="76" hits="1"/>
						<line number="77" hits="1" branch="true" condition-coverage="100% (2/2)"/>
						<line number="78" hits="1" branch="true" condition-coverage="100% (2/2)"/>
						<line number="79" hits="1" branch="true" condition-coverage="100% (2/2)"/>
						<line number="80" hits="1"/>
						<line number="81" hits="1"/>
						<line number="82" hits="1" branch="true" condition-coverage="100% (2/2)"/>
						<line number="83" hits="1" branch="true" condition-coverage="100% (2/2)"/>
						<line number="84" hits="1"/>
						<line number="85" hits="1"/>
						<line number="86" hits="1" branch="true" condition-coverage="100% (2/2)"/>
						<line number="87" hits="1"/>
						<line number="88" hits="1" branch="true" condition-coverage="100% (2/2)"/>
						<line number="89" hits="1"/>
						<line number="90" hits="1"/>
						<line number="91" hits="1" branch="true" condition-coverage="100% (2/2)"/>
						<line number="92" hits="1"/>
						<line number="100" hits="1"/>
						<line number="102" hits="1"/>
						<line number="104" hits="1"/>
						<line number="105" hits="1"/>
						<line number="106" hits="1" branch="true" condition-coverage="100% (2/2)"/>
						<line number="107" hits="1"/>
						<line number="108" hits="1"/>
						<line number="109" hits="1"/>
						<line number="110" hits="1"/>
						<line number="111" hits="1"/>
						<line number="112" hits="1"/>
						<line number="113" hits="1"/>
						<line number="114" hits="1"/>
						<line number="115" hits="1"/>
						<line number="116" hits="1"/>
						<line number="117" hits="1" branch="true" condition-coverage="100% (2/2)"/>
						<line number="118" hits="1"/>
						<line number="120" hits="1"/>
						<line number="121" hits="1"/>
						<line number="123" hits="1"/>
						<line number="124" hits="1" branch="true" condition-coverage="100% (2/2)"/>
						<line number="125" hits="1"/>
						<line number="126" hits="1" branch="true" condition-coverage="100% (2/2)"/>
						<line number="127" hits="1"/>
						<line number="128" hits="1"/>
						<line number="130" hits="1"/>
						<line number="131" hits="1"/>
						<line number="132" hits="1"/>
						<line number="134" hits="1"/>
						<line number="135" hits="1" branch="true" condition-coverage="100% (2/2)"/>
						<line number="136" hits="1" branch="true" condition-coverage="100% (2/2)"/>
						<line number="137" hits="1"/>
						<line number="138" hits="1" branch="true" condition-coverage="100% (2/2)"/>
						<line number="139" hits="1"/>
						<line number="140" hits="1"/>
						<line number="141" hits="1" branch="true" condition-coverage="100% (2/2)"/>
						<line number="142" hits="1" branch="true" condition-coverage="100% (2/2)"/>
						<line number="143" hits="1"/>
						<line number="145" hits="1"/>
						<line number="146" hits="1" branch="true" condition-coverage="100% (2/2)"/>
						<line number="147" hits="1" branch="true" condition-coverage="100% (2/2)"/>
						<line number="148" hits="1"/>
						<line number="150" hits="1" branch="true" condition-coverage="100% (2/2)"/>
						<line number="151" hits="1"/>
						<line number="152" hits="1"/>
						<line number="154" hits="1"/>
						<line number="155" hits="1" branch="true" condition-coverage="100% (2/2)"/>
						<line number="156" hits="1" branch="true" condition-coverage="100% (2/2)"/>
						<line number="157" hits="1"/>
						<line number="158" hits="1" branch="true" condition-coverage="100% (2/2)"/>
						<line number="159" hits="1"/>
						<line number="160" hits="1" branch="true" condition-coverage="100% (2/2)"/>
						<line number="161" hits="1"/>
						<line number="162" hits="1" branch="true" condition-coverage="100% (2/2)"/>
						<line number="163" hits="1"/>
						<line number="164" hits="1" branch="true" condition-coverage="100% (2/2)"/>
						<line number="165" hits="1"/>
						<line number="166" hits="1"/>
						<line number="168" hits="1"/>
						<line number="169" hits="1" branch="true" condition-coverage="100% (2/2)"/>
						<line number="170" hits="1"/>
						<line number="171" hits="1"/>
					</lines>
				</class>
			</classes>
		</package>
	</packages>
</coverage>
